# JRE version: Java(TM) SE Runtime Environment (8.0_211-b12) (build 1.8.0_211-b12)
# Java VM: Java HotSpot(TM) 64-Bit Server VM (25.211-b12 mixed mode windows-amd64 compressed oops)
Heap:
 PSYoungGen      total 143360K, used 54914K [0x00000000f5580000, 0x00000000ff380000, 0x0000000100000000)
  eden space 134656K, 40% used [0x00000000f5580000,0x00000000f8b20908,0x00000000fd900000)
  from space 8704K, 0% used [0x00000000feb00000,0x00000000feb00000,0x00000000ff380000)
  to   space 12288K, 0% used [0x00000000fdb80000,0x00000000fdb80000,0x00000000fe780000)
 ParOldGen       total 175104K, used 22129K [0x00000000e0000000, 0x00000000eab00000, 0x00000000f5580000)
  object space 175104K, 12% used [0x00000000e0000000,0x00000000e159c640,0x00000000eab00000)
 Metaspace       used 44661K, capacity 46231K, committed 46336K, reserved 1093632K
  class space    used 6184K, capacity 6575K, committed 6656K, reserved 1048576K
GC Heap History (10 events):
Event: 36.340 GC heap before
{Heap before GC invocations=7 (full 1):
 PSYoungGen      total 76288K, used 73925K [0x00000000f5580000, 0x00000000fcc80000, 0x0000000100000000)
  eden space 65536K, 100% used [0x00000000f5580000,0x00000000f9580000,0x00000000f9580000)
  from space 10752K, 78% used [0x00000000f9580000,0x00000000f9db1740,0x00000000fa000000)
  to   space 12288K, 0% used [0x00000000fc080000,0x00000000fc080000,0x00000000fcc80000)
 ParOldGen       total 175104K, used 6933K [0x00000000e0000000, 0x00000000eab00000, 0x00000000f5580000)
  object space 175104K, 3% used [0x00000000e0000000,0x00000000e06c57e0,0x00000000eab00000)
 Metaspace       used 32203K, capacity 33000K, committed 33280K, reserved 1077248K
  class space    used 4519K, capacity 4751K, committed 4864K, reserved 1048576K
Event: 36.382 GC heap after
Heap after GC invocations=7 (full 1):
 PSYoungGen      total 104448K, used 10058K [0x00000000f5580000, 0x00000000fca80000, 0x0000000100000000)
  eden space 94208K, 0% used [0x00000000f5580000,0x00000000f5580000,0x00000000fb180000)
  from space 10240K, 98% used [0x00000000fc080000,0x00000000fca52ae0,0x00000000fca80000)
  to   space 12288K, 0% used [0x00000000fb280000,0x00000000fb280000,0x00000000fbe80000)
 ParOldGen       total 175104K, used 6941K [0x00000000e0000000, 0x00000000eab00000, 0x00000000f5580000)
  object space 175104K, 3% used [0x00000000e0000000,0x00000000e06c77e0,0x00000000eab00000)
 Metaspace       used 32203K, capacity 33000K, committed 33280K, reserved 1077248K
  class space    used 4519K, capacity 4751K, committed 4864K, reserved 1048576K
}
Event: 39.216 GC heap before
{Heap before GC invocations=8 (full 1):
 PSYoungGen      total 104448K, used 48873K [0x00000000f5580000, 0x00000000fca80000, 0x0000000100000000)
  eden space 94208K, 41% used [0x00000000f5580000,0x00000000f7b67b70,0x00000000fb180000)
  from space 10240K, 98% used [0x00000000fc080000,0x00000000fca52ae0,0x00000000fca80000)
  to   space 12288K, 0% used [0x00000000fb280000,0x00000000fb280000,0x00000000fbe80000)
 ParOldGen       total 175104K, used 6941K [0x00000000e0000000, 0x00000000eab00000, 0x00000000f5580000)
  object space 175104K, 3% used [0x00000000e0000000,0x00000000e06c77e0,0x00000000eab00000)
 Metaspace       used 34287K, capacity 35284K, committed 35456K, reserved 1079296K
  class space    used 4834K, capacity 5131K, committed 5248K, reserved 1048576K
Event: 39.267 GC heap after
Heap after GC invocations=8 (full 1):
 PSYoungGen      total 107520K, used 10310K [0x00000000f5580000, 0x00000000ff780000, 0x0000000100000000)
  eden space 95232K, 0% used [0x00000000f5580000,0x00000000f5580000,0x00000000fb280000)
  from space 12288K, 83% used [0x00000000fb280000,0x00000000fbc91af0,0x00000000fbe80000)
  to   space 12800K, 0% used [0x00000000feb00000,0x00000000feb00000,0x00000000ff780000)
 ParOldGen       total 175104K, used 6949K [0x00000000e0000000, 0x00000000eab00000, 0x00000000f5580000)
  object space 175104K, 3% used [0x00000000e0000000,0x00000000e06c97e0,0x00000000eab00000)
 Metaspace       used 34287K, capacity 35284K, committed 35456K, reserved 1079296K
  class space    used 4834K, capacity 5131K, committed 5248K, reserved 1048576K
}
Event: 39.267 GC heap before
{Heap before GC invocations=9 (full 2):
 PSYoungGen      total 107520K, used 10310K [0x00000000f5580000, 0x00000000ff780000, 0x0000000100000000)
  eden space 95232K, 0% used [0x00000000f5580000,0x00000000f5580000,0x00000000fb280000)
  from space 12288K, 83% used [0x00000000fb280000,0x00000000fbc91af0,0x00000000fbe80000)
  to   space 12800K, 0% used [0x00000000feb00000,0x00000000feb00000,0x00000000ff780000)
 ParOldGen       total 175104K, used 6949K [0x00000000e0000000, 0x00000000eab00000, 0x00000000f5580000)
  object space 175104K, 3% used [0x00000000e0000000,0x00000000e06c97e0,0x00000000eab00000)
 Metaspace       used 34287K, capacity 35284K, committed 35456K, reserved 1079296K
  class space    used 4834K, capacity 5131K, committed 5248K, reserved 1048576K
Event: 39.541 GC heap after
Heap after GC invocations=9 (full 2):
 PSYoungGen      total 107520K, used 0K [0x00000000f5580000, 0x00000000ff780000, 0x0000000100000000)
  eden space 95232K, 0% used [0x00000000f5580000,0x00000000f5580000,0x00000000fb280000)
  from space 12288K, 0% used [0x00000000fb280000,0x00000000fb280000,0x00000000fbe80000)
  to   space 12800K, 0% used [0x00000000feb00000,0x00000000feb00000,0x00000000ff780000)
 ParOldGen       total 175104K, used 16628K [0x00000000e0000000, 0x00000000eab00000, 0x00000000f5580000)
  object space 175104K, 9% used [0x00000000e0000000,0x00000000e103d2b8,0x00000000eab00000)
 Metaspace       used 34287K, capacity 35284K, committed 35456K, reserved 1079296K
  class space    used 4834K, capacity 5131K, committed 5248K, reserved 1048576K
}
Event: 64.829 GC heap before
{Heap before GC invocations=10 (full 2):
 PSYoungGen      total 107520K, used 73169K [0x00000000f5580000, 0x00000000ff780000, 0x0000000100000000)
  eden space 95232K, 76% used [0x00000000f5580000,0x00000000f9cf4740,0x00000000fb280000)
  from space 12288K, 0% used [0x00000000fb280000,0x00000000fb280000,0x00000000fbe80000)
  to   space 12800K, 0% used [0x00000000feb00000,0x00000000feb00000,0x00000000ff780000)
 ParOldGen       total 175104K, used 16628K [0x00000000e0000000, 0x00000000eab00000, 0x00000000f5580000)
  object space 175104K, 9% used [0x00000000e0000000,0x00000000e103d2b8,0x00000000eab00000)
 Metaspace       used 40368K, capacity 41798K, committed 41984K, reserved 1089536K
  class space    used 5646K, capacity 6026K, committed 6144K, reserved 1048576K
Event: 64.854 GC heap after
Heap after GC invocations=10 (full 2):
 PSYoungGen      total 143360K, used 8553K [0x00000000f5580000, 0x00000000ff380000, 0x0000000100000000)
  eden space 134656K, 0% used [0x00000000f5580000,0x00000000f5580000,0x00000000fd900000)
  from space 8704K, 98% used [0x00000000feb00000,0x00000000ff35a518,0x00000000ff380000)
  to   space 12288K, 0% used [0x00000000fdb80000,0x00000000fdb80000,0x00000000fe780000)
 ParOldGen       total 175104K, used 16636K [0x00000000e0000000, 0x00000000eab00000, 0x00000000f5580000)
  object space 175104K, 9% used [0x00000000e0000000,0x00000000e103f2b8,0x00000000eab00000)
 Metaspace       used 40368K, capacity 41798K, committed 41984K, reserved 1089536K
  class space    used 5646K, capacity 6026K, committed 6144K, reserved 1048576K
}
Event: 64.854 GC heap before
{Heap before GC invocations=11 (full 3):
 PSYoungGen      total 143360K, used 8553K [0x00000000f5580000, 0x00000000ff380000, 0x0000000100000000)
  eden space 134656K, 0% used [0x00000000f5580000,0x00000000f5580000,0x00000000fd900000)
  from space 8704K, 98% used [0x00000000feb00000,0x00000000ff35a518,0x00000000ff380000)
  to   space 12288K, 0% used [0x00000000fdb80000,0x00000000fdb80000,0x00000000fe780000)
 ParOldGen       total 175104K, used 16636K [0x00000000e0000000, 0x00000000eab00000, 0x00000000f5580000)
  object space 175104K, 9% used [0x00000000e0000000,0x00000000e103f2b8,0x00000000eab00000)
 Metaspace       used 40368K, capacity 41798K, committed 41984K, reserved 1089536K
  class space    used 5646K, capacity 6026K, committed 6144K, reserved 1048576K
Event: 65.687 GC heap after
Heap after GC invocations=11 (full 3):
 PSYoungGen      total 143360K, used 0K [0x00000000f5580000, 0x00000000ff380000, 0x0000000100000000)
  eden space 134656K, 0% used [0x00000000f5580000,0x00000000f5580000,0x00000000fd900000)
  from space 8704K, 0% used [0x00000000feb00000,0x00000000feb00000,0x00000000ff380000)
  to   space 12288K, 0% used [0x00000000fdb80000,0x00000000fdb80000,0x00000000fe780000)
 ParOldGen       total 175104K, used 22129K [0x00000000e0000000, 0x00000000eab00000, 0x00000000f5580000)
  object space 175104K, 12% used [0x00000000e0000000,0x00000000e159c640,0x00000000eab00000)
 Metaspace       used 40352K, capacity 41744K, committed 41984K, reserved 1087488K
  class space    used 5641K, capacity 6017K, committed 6144K, reserved 1048576K
}

